<?xml version="1.0" encoding="UTF-8"?>
<!-- Generated by org.testng.reporters.JUnitReportReporter -->
<testsuite skipped="0" hostname="DESKTOP-QJOHCAS" name="config.InitializeBrowser" tests="1" failures="0" timestamp="2020-08-29T05:36:34 EDT" time="1.878" errors="0">
  <testcase name="launch" time="1.878" classname="config.InitializeBrowser"/>
  <system-out/>
</testsuite> <!-- config.InitializeBrowser -->
